Started GET "/" for 127.0.0.1 at 2017-10-25 20:23:38 +0200
Processing by Rails::WelcomeController#index as HTML
  Rendering /home/rvgallego/.rvm/gems/ruby-2.3.4/gems/railties-5.1.4/lib/rails/templates/rails/welcome/index.html.erb
  Rendered /home/rvgallego/.rvm/gems/ruby-2.3.4/gems/railties-5.1.4/lib/rails/templates/rails/welcome/index.html.erb (3.0ms)
Completed 200 OK in 144ms (Views: 5.6ms)


Started GET "/" for 127.0.0.1 at 2017-10-25 20:23:43 +0200
Processing by Rails::WelcomeController#index as HTML
  Rendering /home/rvgallego/.rvm/gems/ruby-2.3.4/gems/railties-5.1.4/lib/rails/templates/rails/welcome/index.html.erb
  Rendered /home/rvgallego/.rvm/gems/ruby-2.3.4/gems/railties-5.1.4/lib/rails/templates/rails/welcome/index.html.erb (2.4ms)
Completed 200 OK in 13ms (Views: 3.2ms)


  [1m[35m (0.1ms)[0m  [1m[34mSELECT sqlite_version(*)[0m
  [1m[35m (72.1ms)[0m  [1m[35mCREATE TABLE "schema_migrations" ("version" varchar NOT NULL PRIMARY KEY)[0m
  [1m[35m (88.9ms)[0m  [1m[35mCREATE TABLE "ar_internal_metadata" ("key" varchar NOT NULL PRIMARY KEY, "value" varchar, "created_at" datetime NOT NULL, "updated_at" datetime NOT NULL)[0m
  [1m[35m (0.3ms)[0m  [1m[34mSELECT "schema_migrations"."version" FROM "schema_migrations" ORDER BY "schema_migrations"."version" ASC[0m
Migrating to CreateUsers (20171025182748)
  [1m[35m (0.0ms)[0m  [1m[36mbegin transaction[0m
  [1m[35m (0.5ms)[0m  [1m[35mCREATE TABLE "users" ("id" INTEGER PRIMARY KEY AUTOINCREMENT NOT NULL, "name" varchar, "email" varchar, "created_at" datetime NOT NULL, "updated_at" datetime NOT NULL)[0m
  [1m[35mSQL (0.1ms)[0m  [1m[32mINSERT INTO "schema_migrations" ("version") VALUES (?)[0m  [["version", "20171025182748"]]
  [1m[35m (80.3ms)[0m  [1m[36mcommit transaction[0m
  [1m[36mActiveRecord::InternalMetadata Load (0.1ms)[0m  [1m[34mSELECT  "ar_internal_metadata".* FROM "ar_internal_metadata" WHERE "ar_internal_metadata"."key" = ? LIMIT ?[0m  [["key", "environment"], ["LIMIT", 1]]
  [1m[35m (0.0ms)[0m  [1m[36mbegin transaction[0m
  [1m[35mSQL (0.2ms)[0m  [1m[32mINSERT INTO "ar_internal_metadata" ("key", "value", "created_at", "updated_at") VALUES (?, ?, ?, ?)[0m  [["key", "environment"], ["value", "development"], ["created_at", "2017-10-25 18:28:06.650720"], ["updated_at", "2017-10-25 18:28:06.650720"]]
  [1m[35m (63.3ms)[0m  [1m[36mcommit transaction[0m
  [1m[35m (0.3ms)[0m  [1m[34mSELECT "schema_migrations"."version" FROM "schema_migrations" ORDER BY "schema_migrations"."version" ASC[0m
Started GET "/" for 127.0.0.1 at 2017-10-25 20:28:30 +0200
  [1m[35m (0.1ms)[0m  [1m[34mSELECT "schema_migrations"."version" FROM "schema_migrations" ORDER BY "schema_migrations"."version" ASC[0m
Processing by ApplicationController#hello as HTML
  Rendering html template
  Rendered html template (0.0ms)
Completed 200 OK in 17ms (Views: 10.8ms | ActiveRecord: 0.0ms)


  [1m[35m (0.4ms)[0m  [1m[34mSELECT "schema_migrations"."version" FROM "schema_migrations" ORDER BY "schema_migrations"."version" ASC[0m
Migrating to CreateMicroposts (20171025183126)
  [1m[35m (0.1ms)[0m  [1m[36mbegin transaction[0m
  [1m[35m (0.1ms)[0m  [1m[34mSELECT sqlite_version(*)[0m
  [1m[35m (1.2ms)[0m  [1m[35mCREATE TABLE "microposts" ("id" INTEGER PRIMARY KEY AUTOINCREMENT NOT NULL, "content" text, "user_id" integer, "created_at" datetime NOT NULL, "updated_at" datetime NOT NULL)[0m
  [1m[35mSQL (0.1ms)[0m  [1m[32mINSERT INTO "schema_migrations" ("version") VALUES (?)[0m  [["version", "20171025183126"]]
  [1m[35m (76.7ms)[0m  [1m[36mcommit transaction[0m
  [1m[36mActiveRecord::InternalMetadata Load (0.3ms)[0m  [1m[34mSELECT  "ar_internal_metadata".* FROM "ar_internal_metadata" WHERE "ar_internal_metadata"."key" = ? LIMIT ?[0m  [["key", "environment"], ["LIMIT", 1]]
  [1m[35m (3.0ms)[0m  [1m[36mbegin transaction[0m
  [1m[35m (0.1ms)[0m  [1m[36mcommit transaction[0m
  [1m[35m (0.3ms)[0m  [1m[34mSELECT "schema_migrations"."version" FROM "schema_migrations" ORDER BY "schema_migrations"."version" ASC[0m
Started GET "/" for 127.0.0.1 at 2017-10-25 20:32:06 +0200
  [1m[35m (0.4ms)[0m  [1m[34mSELECT "schema_migrations"."version" FROM "schema_migrations" ORDER BY "schema_migrations"."version" ASC[0m
Started GET "/" for 127.0.0.1 at 2017-10-25 20:32:16 +0200
Processing by UsersController#index as HTML
  Rendering users/index.html.erb within layouts/application
  [1m[36mUser Load (0.2ms)[0m  [1m[34mSELECT "users".* FROM "users"[0m
  Rendered users/index.html.erb within layouts/application (7.1ms)
Completed 200 OK in 444ms (Views: 440.5ms | ActiveRecord: 0.4ms)


Processing by UsersController#index as HTML
  Rendering users/index.html.erb within layouts/application
  [1m[36mUser Load (0.1ms)[0m  [1m[34mSELECT "users".* FROM "users"[0m
  Rendered users/index.html.erb within layouts/application (2.3ms)
Completed 200 OK in 22ms (Views: 19.8ms | ActiveRecord: 0.6ms)


Started GET "/users" for 127.0.0.1 at 2017-10-25 20:33:27 +0200
Processing by UsersController#index as HTML
  Rendering users/index.html.erb within layouts/application
  [1m[36mUser Load (0.1ms)[0m  [1m[34mSELECT "users".* FROM "users"[0m
  Rendered users/index.html.erb within layouts/application (2.9ms)
Completed 200 OK in 30ms (Views: 27.0ms | ActiveRecord: 0.5ms)


Started GET "/users/new" for 127.0.0.1 at 2017-10-25 20:33:29 +0200
Processing by UsersController#new as HTML
  Rendering users/new.html.erb within layouts/application
  Rendered users/_form.html.erb (13.9ms)
  Rendered users/new.html.erb within layouts/application (15.4ms)
Completed 200 OK in 54ms (Views: 34.7ms | ActiveRecord: 1.1ms)


Started POST "/users" for 127.0.0.1 at 2017-10-25 20:33:32 +0200
Processing by UsersController#create as HTML
  Parameters: {"utf8"=>"✓", "authenticity_token"=>"evFJ1FZSKTJAj2RQ2+sZ46/Dmc8A0aB2ZqHJ1dROF9JWHoG5b7e4QqB4dAaPK3tZA4eRe53GmiKCJDQuXrsAdQ==", "user"=>{"name"=>"azdada", "email"=>"ccc"}, "commit"=>"Create User"}
  [1m[35m (0.2ms)[0m  [1m[36mbegin transaction[0m
  [1m[35mSQL (1.1ms)[0m  [1m[32mINSERT INTO "users" ("name", "email", "created_at", "updated_at") VALUES (?, ?, ?, ?)[0m  [["name", "azdada"], ["email", "ccc"], ["created_at", "2017-10-25 18:33:32.578776"], ["updated_at", "2017-10-25 18:33:32.578776"]]
  [1m[35m (125.0ms)[0m  [1m[36mcommit transaction[0m
Redirected to http://localhost:3000/users/1
Completed 302 Found in 131ms (ActiveRecord: 126.3ms)


Started GET "/users/1" for 127.0.0.1 at 2017-10-25 20:33:32 +0200
Processing by UsersController#show as HTML
  Parameters: {"id"=>"1"}
  [1m[36mUser Load (0.4ms)[0m  [1m[34mSELECT  "users".* FROM "users" WHERE "users"."id" = ? LIMIT ?[0m  [["id", 1], ["LIMIT", 1]]
  Rendering users/show.html.erb within layouts/application
  Rendered users/show.html.erb within layouts/application (0.7ms)
Completed 200 OK in 23ms (Views: 17.6ms | ActiveRecord: 0.4ms)


Started GET "/microposts" for 127.0.0.1 at 2017-10-25 20:33:38 +0200
Processing by MicropostsController#index as HTML
Completed 500 Internal Server Error in 3ms (ActiveRecord: 0.0ms)


  
NoMethodError (undefined method `validates' for main:Object):
  
app/models/micropost.rb:1:in `<top (required)>'
app/controllers/microposts_controller.rb:7:in `index'
Started GET "/microposts" for 127.0.0.1 at 2017-10-25 20:34:08 +0200
Processing by MicropostsController#index as HTML
  Rendering microposts/index.html.erb within layouts/application
  [1m[36mMicropost Load (0.1ms)[0m  [1m[34mSELECT "microposts".* FROM "microposts"[0m
  Rendered microposts/index.html.erb within layouts/application (2.4ms)
Completed 200 OK in 35ms (Views: 17.1ms | ActiveRecord: 0.6ms)


Started GET "/microposts/new" for 127.0.0.1 at 2017-10-25 20:34:10 +0200
Processing by MicropostsController#new as HTML
  Rendering microposts/new.html.erb within layouts/application
  Rendered microposts/_form.html.erb (15.7ms)
  Rendered microposts/new.html.erb within layouts/application (17.6ms)
Completed 200 OK in 56ms (Views: 38.2ms | ActiveRecord: 1.2ms)


Started POST "/microposts" for 127.0.0.1 at 2017-10-25 20:34:21 +0200
Processing by MicropostsController#create as HTML
  Parameters: {"utf8"=>"✓", "authenticity_token"=>"I6y4+E9JHPActIlz8O/xEQHiR2cs0Gr2NxYhSaW0j3dvv8x5fpQ+6daGYR0XeyTyO+UVjoxQf6OujurZ2Xa1kg==", "micropost"=>{"content"=>"dazdzadazdazdaz", "user_id"=>"0"}, "commit"=>"Create Micropost"}
  [1m[35m (0.2ms)[0m  [1m[36mbegin transaction[0m
  [1m[36mUser Load (0.2ms)[0m  [1m[34mSELECT  "users".* FROM "users" WHERE "users"."id" = ? LIMIT ?[0m  [["id", 0], ["LIMIT", 1]]
  [1m[35m (0.1ms)[0m  [1m[31mrollback transaction[0m
  Rendering microposts/new.html.erb within layouts/application
  Rendered microposts/_form.html.erb (2.8ms)
  Rendered microposts/new.html.erb within layouts/application (4.2ms)
Completed 200 OK in 66ms (Views: 20.5ms | ActiveRecord: 1.6ms)


Started GET "/microposts" for 127.0.0.1 at 2017-10-25 20:35:39 +0200
Processing by MicropostsController#index as HTML
  Rendering microposts/index.html.erb within layouts/application
  [1m[36mMicropost Load (0.4ms)[0m  [1m[34mSELECT "microposts".* FROM "microposts"[0m
  Rendered microposts/index.html.erb within layouts/application (17.7ms)
Completed 200 OK in 44ms (Views: 40.5ms | ActiveRecord: 0.4ms)


Started GET "/microposts" for 127.0.0.1 at 2017-10-25 20:35:39 +0200
Processing by MicropostsController#index as HTML
  Rendering microposts/index.html.erb within layouts/application
  [1m[36mMicropost Load (0.2ms)[0m  [1m[34mSELECT "microposts".* FROM "microposts"[0m
  Rendered microposts/index.html.erb within layouts/application (2.4ms)
Completed 200 OK in 28ms (Views: 24.9ms | ActiveRecord: 0.2ms)


Started GET "/microposts" for 127.0.0.1 at 2017-10-25 20:35:39 +0200
Processing by MicropostsController#index as HTML
  Rendering microposts/index.html.erb within layouts/application
  [1m[36mMicropost Load (0.4ms)[0m  [1m[34mSELECT "microposts".* FROM "microposts"[0m
  Rendered microposts/index.html.erb within layouts/application (3.2ms)
Completed 200 OK in 39ms (Views: 35.5ms | ActiveRecord: 0.4ms)


Started GET "/microposts" for 127.0.0.1 at 2017-10-25 20:35:40 +0200
Processing by MicropostsController#index as HTML
  Rendering microposts/index.html.erb within layouts/application
  [1m[36mMicropost Load (0.5ms)[0m  [1m[34mSELECT "microposts".* FROM "microposts"[0m
  Rendered microposts/index.html.erb within layouts/application (4.2ms)
Completed 200 OK in 38ms (Views: 33.6ms | ActiveRecord: 0.5ms)


Started GET "/microposts" for 127.0.0.1 at 2017-10-25 20:35:40 +0200
Processing by MicropostsController#index as HTML
  Rendering microposts/index.html.erb within layouts/application
  [1m[36mMicropost Load (0.5ms)[0m  [1m[34mSELECT "microposts".* FROM "microposts"[0m
  Rendered microposts/index.html.erb within layouts/application (4.1ms)
Completed 200 OK in 33ms (Views: 28.5ms | ActiveRecord: 0.5ms)


Started GET "/microposts" for 127.0.0.1 at 2017-10-25 20:35:41 +0200
Processing by MicropostsController#index as HTML
  Rendering microposts/index.html.erb within layouts/application
  [1m[36mMicropost Load (0.4ms)[0m  [1m[34mSELECT "microposts".* FROM "microposts"[0m
  Rendered microposts/index.html.erb within layouts/application (3.2ms)
Completed 200 OK in 30ms (Views: 26.4ms | ActiveRecord: 0.4ms)


Started GET "/microposts" for 127.0.0.1 at 2017-10-25 20:35:41 +0200
Processing by MicropostsController#index as HTML
  Rendering microposts/index.html.erb within layouts/application
  [1m[36mMicropost Load (0.3ms)[0m  [1m[34mSELECT "microposts".* FROM "microposts"[0m
  Rendered microposts/index.html.erb within layouts/application (3.2ms)
Completed 200 OK in 31ms (Views: 28.3ms | ActiveRecord: 0.3ms)


Started GET "/microposts" for 127.0.0.1 at 2017-10-25 20:35:42 +0200
Processing by MicropostsController#index as HTML
  Rendering microposts/index.html.erb within layouts/application
  [1m[36mMicropost Load (0.4ms)[0m  [1m[34mSELECT "microposts".* FROM "microposts"[0m
  Rendered microposts/index.html.erb within layouts/application (3.9ms)
Completed 200 OK in 33ms (Views: 30.1ms | ActiveRecord: 0.4ms)


Started GET "/" for 127.0.0.1 at 2017-10-25 20:37:16 +0200
Processing by MicropostsController#index as HTML
  Rendering microposts/index.html.erb within layouts/application
  [1m[36mMicropost Load (0.1ms)[0m  [1m[34mSELECT "microposts".* FROM "microposts"[0m
  Rendered microposts/index.html.erb within layouts/application (2.2ms)
Completed 200 OK in 24ms (Views: 20.5ms | ActiveRecord: 0.5ms)


Started GET "/" for 127.0.0.1 at 2017-10-25 20:37:18 +0200
Processing by MicropostsController#index as HTML
  Rendering microposts/index.html.erb within layouts/application
  [1m[36mMicropost Load (0.4ms)[0m  [1m[34mSELECT "microposts".* FROM "microposts"[0m
  Rendered microposts/index.html.erb within layouts/application (3.2ms)
Completed 200 OK in 32ms (Views: 28.7ms | ActiveRecord: 0.4ms)


Started GET "/microposts/new" for 127.0.0.1 at 2017-10-25 20:37:20 +0200
Processing by MicropostsController#new as HTML
  Rendering microposts/new.html.erb within layouts/application
  Rendered microposts/_form.html.erb (4.3ms)
  Rendered microposts/new.html.erb within layouts/application (6.5ms)
Completed 200 OK in 43ms (Views: 25.5ms | ActiveRecord: 1.3ms)


Started GET "/microposts/new" for 127.0.0.1 at 2017-10-25 20:38:26 +0200
Processing by MicropostsController#new as HTML
  Rendering microposts/new.html.erb within layouts/application
  Rendered microposts/_form.html.erb (5.2ms)
  Rendered microposts/new.html.erb within layouts/application (7.9ms)
Completed 200 OK in 35ms (Views: 32.6ms | ActiveRecord: 0.0ms)


Started GET "/microposts/new" for 127.0.0.1 at 2017-10-25 20:38:27 +0200
Processing by MicropostsController#new as HTML
  Rendering microposts/new.html.erb within layouts/application
  Rendered microposts/_form.html.erb (2.7ms)
  Rendered microposts/new.html.erb within layouts/application (5.0ms)
Completed 200 OK in 28ms (Views: 24.3ms | ActiveRecord: 0.0ms)


Started GET "/microposts/new" for 127.0.0.1 at 2017-10-25 20:38:27 +0200
Processing by MicropostsController#new as HTML
  Rendering microposts/new.html.erb within layouts/application
  Rendered microposts/_form.html.erb (2.1ms)
  Rendered microposts/new.html.erb within layouts/application (3.2ms)
Completed 200 OK in 18ms (Views: 17.2ms | ActiveRecord: 0.0ms)


Started GET "/" for 127.0.0.1 at 2017-10-25 20:38:30 +0200
Processing by MicropostsController#index as HTML
  Rendering microposts/index.html.erb within layouts/application
  [1m[36mMicropost Load (0.1ms)[0m  [1m[34mSELECT "microposts".* FROM "microposts"[0m
  Rendered microposts/index.html.erb within layouts/application (1.2ms)
Completed 200 OK in 18ms (Views: 15.4ms | ActiveRecord: 0.1ms)


Started GET "/microposts/new" for 127.0.0.1 at 2017-10-25 20:38:43 +0200
Processing by MicropostsController#new as HTML
  Rendering microposts/new.html.erb within layouts/application
  Rendered microposts/_form.html.erb (5.5ms)
  Rendered microposts/new.html.erb within layouts/application (8.5ms)
Completed 200 OK in 38ms (Views: 35.1ms | ActiveRecord: 0.0ms)


Started GET "/" for 127.0.0.1 at 2017-10-25 20:39:09 +0200
Processing by MicropostsController#index as HTML
  Rendering microposts/index.html.erb within layouts/application
  [1m[36mMicropost Load (0.4ms)[0m  [1m[34mSELECT "microposts".* FROM "microposts"[0m
  Rendered microposts/index.html.erb within layouts/application (3.2ms)
Completed 200 OK in 33ms (Views: 29.1ms | ActiveRecord: 0.4ms)


Started GET "/" for 127.0.0.1 at 2017-10-25 20:40:55 +0200
Processing by MicropostsController#index as HTML
  Rendering microposts/index.html.erb within layouts/application
  [1m[36mMicropost Load (0.3ms)[0m  [1m[34mSELECT "microposts".* FROM "microposts"[0m
  Rendered microposts/index.html.erb within layouts/application (2.2ms)
Completed 200 OK in 31ms (Views: 28.1ms | ActiveRecord: 0.3ms)


Started GET "/" for 127.0.0.1 at 2017-10-25 20:40:56 +0200
Processing by MicropostsController#index as HTML
  Rendering microposts/index.html.erb within layouts/application
  [1m[36mMicropost Load (0.3ms)[0m  [1m[34mSELECT "microposts".* FROM "microposts"[0m
  Rendered microposts/index.html.erb within layouts/application (2.4ms)
Completed 200 OK in 21ms (Views: 18.6ms | ActiveRecord: 0.3ms)


Started GET "/" for 127.0.0.1 at 2017-10-25 20:41:03 +0200
Processing by MicropostsController#index as HTML
  Rendering microposts/index.html.erb within layouts/application
  [1m[36mMicropost Load (0.3ms)[0m  [1m[34mSELECT "microposts".* FROM "microposts"[0m
  Rendered microposts/index.html.erb within layouts/application (2.2ms)
Completed 200 OK in 23ms (Views: 20.5ms | ActiveRecord: 0.3ms)


Started GET "/microposts/new" for 127.0.0.1 at 2017-10-25 20:41:05 +0200
Processing by MicropostsController#new as HTML
  Rendering microposts/new.html.erb within layouts/application
  Rendered microposts/_form.html.erb (2.7ms)
  Rendered microposts/new.html.erb within layouts/application (4.2ms)
Completed 200 OK in 22ms (Views: 20.1ms | ActiveRecord: 0.0ms)


Started GET "/microposts/new" for 127.0.0.1 at 2017-10-25 20:42:27 +0200
Processing by MicropostsController#new as HTML
  Rendering microposts/new.html.erb within layouts/application
  Rendered microposts/_form.html.erb (2.8ms)
  Rendered microposts/new.html.erb within layouts/application (3.9ms)
Completed 200 OK in 27ms (Views: 18.2ms | ActiveRecord: 0.7ms)


Started GET "/microposts/new" for 127.0.0.1 at 2017-10-25 20:42:27 +0200
Processing by MicropostsController#new as HTML
  Rendering microposts/new.html.erb within layouts/application
  Rendered microposts/_form.html.erb (3.1ms)
  Rendered microposts/new.html.erb within layouts/application (5.0ms)
Completed 200 OK in 27ms (Views: 24.8ms | ActiveRecord: 0.0ms)


Started GET "/microposts/new" for 127.0.0.1 at 2017-10-25 20:42:31 +0200
Processing by MicropostsController#new as HTML
  Rendering microposts/new.html.erb within layouts/application
  Rendered microposts/_form.html.erb (2.0ms)
  Rendered microposts/new.html.erb within layouts/application (3.2ms)
Completed 200 OK in 20ms (Views: 18.6ms | ActiveRecord: 0.0ms)


Started GET "/microposts/new" for 127.0.0.1 at 2017-10-25 20:42:32 +0200
Processing by MicropostsController#new as HTML
  Rendering microposts/new.html.erb within layouts/application
  Rendered microposts/_form.html.erb (3.1ms)
  Rendered microposts/new.html.erb within layouts/application (4.6ms)
Completed 200 OK in 25ms (Views: 23.4ms | ActiveRecord: 0.0ms)


Started GET "/" for 127.0.0.1 at 2017-10-25 20:42:32 +0200
Processing by MicropostsController#index as HTML
  Rendering microposts/index.html.erb within layouts/application
  [1m[36mMicropost Load (0.4ms)[0m  [1m[34mSELECT "microposts".* FROM "microposts"[0m
  Rendered microposts/index.html.erb within layouts/application (3.8ms)
Completed 200 OK in 38ms (Views: 34.3ms | ActiveRecord: 0.4ms)


Started GET "/microposts/new" for 127.0.0.1 at 2017-10-25 20:42:34 +0200
Processing by MicropostsController#new as HTML
  Rendering microposts/new.html.erb within layouts/application
  Rendered microposts/_form.html.erb (6.0ms)
  Rendered microposts/new.html.erb within layouts/application (8.8ms)
Completed 200 OK in 38ms (Views: 34.6ms | ActiveRecord: 0.0ms)


Started GET "/" for 127.0.0.1 at 2017-10-25 20:43:33 +0200
Processing by MicropostsController#index as HTML
  Rendering microposts/index.html.erb within layouts/application
  [1m[36mMicropost Load (0.3ms)[0m  [1m[34mSELECT "microposts".* FROM "microposts"[0m
  Rendered microposts/index.html.erb within layouts/application (2.6ms)
Completed 200 OK in 27ms (Views: 24.0ms | ActiveRecord: 0.3ms)


Started GET "/microposts/new" for 127.0.0.1 at 2017-10-25 20:43:34 +0200
Processing by MicropostsController#new as HTML
  Rendering microposts/new.html.erb within layouts/application
  Rendered microposts/_form.html.erb (5.3ms)
  Rendered microposts/new.html.erb within layouts/application (7.4ms)
Completed 200 OK in 30ms (Views: 26.9ms | ActiveRecord: 0.0ms)


Started GET "/microposts/new" for 127.0.0.1 at 2017-10-25 20:44:13 +0200
Processing by MicropostsController#new as HTML
  Rendering microposts/new.html.erb within layouts/application
  Rendered microposts/_form.html.erb (5.4ms)
  Rendered microposts/new.html.erb within layouts/application (8.3ms)
Completed 200 OK in 36ms (Views: 32.3ms | ActiveRecord: 0.0ms)


Started GET "/microposts" for 127.0.0.1 at 2017-10-25 20:44:16 +0200
Processing by MicropostsController#index as HTML
  Rendering microposts/index.html.erb within layouts/application
  [1m[36mMicropost Load (0.4ms)[0m  [1m[34mSELECT "microposts".* FROM "microposts"[0m
  Rendered microposts/index.html.erb within layouts/application (3.4ms)
Completed 200 OK in 33ms (Views: 29.9ms | ActiveRecord: 0.4ms)


Started GET "/microposts/new" for 127.0.0.1 at 2017-10-25 20:44:17 +0200
Processing by MicropostsController#new as HTML
  Rendering microposts/new.html.erb within layouts/application
  Rendered microposts/_form.html.erb (3.1ms)
  Rendered microposts/new.html.erb within layouts/application (4.8ms)
Completed 200 OK in 30ms (Views: 26.0ms | ActiveRecord: 0.0ms)


Started GET "/microposts" for 127.0.0.1 at 2017-10-25 20:45:52 +0200
Processing by MicropostsController#index as HTML
  Rendering microposts/index.html.erb within layouts/application
  [1m[36mMicropost Load (0.3ms)[0m  [1m[34mSELECT "microposts".* FROM "microposts"[0m
  Rendered microposts/index.html.erb within layouts/application (3.7ms)
Completed 200 OK in 33ms (Views: 29.2ms | ActiveRecord: 0.3ms)


Started GET "/microposts/new" for 127.0.0.1 at 2017-10-25 20:45:53 +0200
Processing by MicropostsController#new as HTML
  Rendering microposts/new.html.erb within layouts/application
  Rendered microposts/_form.html.erb (3.7ms)
  Rendered microposts/new.html.erb within layouts/application (5.4ms)
Completed 200 OK in 26ms (Views: 24.7ms | ActiveRecord: 0.0ms)


Started GET "/microposts/new" for 127.0.0.1 at 2017-10-25 20:47:17 +0200
Processing by MicropostsController#new as HTML
  Rendering microposts/new.html.erb within layouts/application
  Rendered microposts/_form.html.erb (3.8ms)
  Rendered microposts/new.html.erb within layouts/application (5.9ms)
Completed 200 OK in 36ms (Views: 32.5ms | ActiveRecord: 0.0ms)


Started GET "/microposts/new" for 127.0.0.1 at 2017-10-25 20:47:51 +0200
Processing by MicropostsController#new as HTML
  Rendering microposts/new.html.erb within layouts/application
  Rendered microposts/_form.html.erb (3.6ms)
  Rendered microposts/new.html.erb within layouts/application (5.1ms)
Completed 200 OK in 24ms (Views: 21.9ms | ActiveRecord: 0.0ms)


Started GET "/microposts/new" for 127.0.0.1 at 2017-10-25 20:47:51 +0200
Processing by MicropostsController#new as HTML
  Rendering microposts/new.html.erb within layouts/application
  Rendered microposts/_form.html.erb (3.8ms)
  Rendered microposts/new.html.erb within layouts/application (6.2ms)
Completed 200 OK in 33ms (Views: 29.6ms | ActiveRecord: 0.0ms)


Started GET "/microposts/new" for 127.0.0.1 at 2017-10-25 20:47:52 +0200
Processing by MicropostsController#new as HTML
  Rendering microposts/new.html.erb within layouts/application
  Rendered microposts/_form.html.erb (3.6ms)
  Rendered microposts/new.html.erb within layouts/application (5.6ms)
Completed 200 OK in 30ms (Views: 28.0ms | ActiveRecord: 0.0ms)


Started GET "/microposts/new" for 127.0.0.1 at 2017-10-25 20:47:52 +0200
Processing by MicropostsController#new as HTML
  Rendering microposts/new.html.erb within layouts/application
  Rendered microposts/_form.html.erb (2.9ms)
  Rendered microposts/new.html.erb within layouts/application (4.6ms)
Completed 200 OK in 29ms (Views: 25.2ms | ActiveRecord: 0.0ms)


Started GET "/microposts/new" for 127.0.0.1 at 2017-10-25 20:47:53 +0200
Processing by MicropostsController#new as HTML
  Rendering microposts/new.html.erb within layouts/application
  Rendered microposts/_form.html.erb (2.9ms)
  Rendered microposts/new.html.erb within layouts/application (4.7ms)
Completed 200 OK in 25ms (Views: 22.3ms | ActiveRecord: 0.0ms)


Started POST "/microposts" for 127.0.0.1 at 2017-10-25 20:47:55 +0200
Processing by MicropostsController#create as HTML
  Parameters: {"utf8"=>"✓", "authenticity_token"=>"vPHYPp+6pGOzTXLEk6rcQ2/zANB4OS2xD6RiR5Y/QvnxNa/ntdE5A2s67lz1CEUDZ2o72unJt/3xZiE0LoxbYg==", "micropost"=>{"content"=>"adsads", "name"=>"roberto"}, "commit"=>"Create Micropost"}
Unpermitted parameter: :name
  [1m[35m (0.2ms)[0m  [1m[36mbegin transaction[0m
  [1m[35m (0.1ms)[0m  [1m[31mrollback transaction[0m
  Rendering microposts/new.html.erb within layouts/application
  Rendered microposts/_form.html.erb (2.9ms)
  Rendered microposts/new.html.erb within layouts/application (4.7ms)
Completed 200 OK in 32ms (Views: 22.3ms | ActiveRecord: 0.3ms)


Started GET "/" for 127.0.0.1 at 2017-10-25 20:52:50 +0200
Processing by MicropostsController#index as HTML
  Rendering microposts/index.html.erb within layouts/application
  [1m[36mMicropost Load (0.1ms)[0m  [1m[34mSELECT "microposts".* FROM "microposts"[0m
  Rendered microposts/index.html.erb within layouts/application (2.5ms)
Completed 200 OK in 27ms (Views: 24.3ms | ActiveRecord: 0.5ms)


Started GET "/microposts/new" for 127.0.0.1 at 2017-10-25 20:52:51 +0200
Processing by MicropostsController#new as HTML
  Rendering microposts/new.html.erb within layouts/application
  Rendered microposts/_form.html.erb (3.6ms)
  Rendered microposts/new.html.erb within layouts/application (5.1ms)
Completed 200 OK in 40ms (Views: 22.1ms | ActiveRecord: 1.2ms)


Started POST "/microposts" for 127.0.0.1 at 2017-10-25 20:52:52 +0200
Processing by MicropostsController#create as HTML
  Parameters: {"utf8"=>"✓", "authenticity_token"=>"BwG/EwctlA5vAGr+VYgQxnlEJ5RzCOqlKxxVzn4nl+FLEsuSNvC2F6UygpCyHMUlQ0N1fdOI//CyhJ5eAuWtBA==", "micropost"=>{"content"=>"dsa", "name"=>"das"}, "commit"=>"Create Micropost"}
Unpermitted parameter: :name
  [1m[35m (0.1ms)[0m  [1m[36mbegin transaction[0m
  [1m[35mSQL (1.1ms)[0m  [1m[32mINSERT INTO "microposts" ("content", "created_at", "updated_at") VALUES (?, ?, ?)[0m  [["content", "dsa"], ["created_at", "2017-10-25 18:52:52.844698"], ["updated_at", "2017-10-25 18:52:52.844698"]]
  [1m[35m (136.2ms)[0m  [1m[36mcommit transaction[0m
Redirected to http://localhost:3000/microposts/1
Completed 302 Found in 145ms (ActiveRecord: 137.4ms)


Started GET "/microposts/1" for 127.0.0.1 at 2017-10-25 20:52:52 +0200
Processing by MicropostsController#show as HTML
  Parameters: {"id"=>"1"}
  [1m[36mMicropost Load (0.5ms)[0m  [1m[34mSELECT  "microposts".* FROM "microposts" WHERE "microposts"."id" = ? LIMIT ?[0m  [["id", 1], ["LIMIT", 1]]
  Rendering microposts/show.html.erb within layouts/application
  Rendered microposts/show.html.erb within layouts/application (4.2ms)
Completed 500 Internal Server Error in 14ms (ActiveRecord: 0.5ms)


  
ActionView::Template::Error (undefined method `name' for nil:NilClass):
     7: 
     8: <p>
     9:   <strong>anonymous author:</strong>
    10:   <%= @user.name %>
    11: </p>
    12: 
    13: <%= link_to 'Edit', edit_micropost_path(@micropost) %> |
  
app/views/microposts/show.html.erb:10:in `_app_views_microposts_show_html_erb___3173173490013132400_70199880178500'
Started GET "/microposts/1" for 127.0.0.1 at 2017-10-25 20:54:47 +0200
Processing by MicropostsController#show as HTML
  Parameters: {"id"=>"1"}
  [1m[36mMicropost Load (0.1ms)[0m  [1m[34mSELECT  "microposts".* FROM "microposts" WHERE "microposts"."id" = ? LIMIT ?[0m  [["id", 1], ["LIMIT", 1]]
  Rendering microposts/show.html.erb within layouts/application
  Rendered microposts/show.html.erb within layouts/application (2.4ms)
Completed 500 Internal Server Error in 17ms (ActiveRecord: 0.8ms)


  
ActionView::Template::Error (undefined method `name' for nil:NilClass):
     7: 
     8: <p>
     9:   <strong>anonymous author:</strong>
    10:   <%= @user.name %>
    11: </p>
    12: 
    13: <%= link_to 'Edit', edit_micropost_path(@micropost) %> |
  
app/views/microposts/show.html.erb:10:in `_app_views_microposts_show_html_erb___3173173490013132400_70199936449840'
Started GET "/microposts/1" for 127.0.0.1 at 2017-10-25 20:54:48 +0200
Processing by MicropostsController#show as HTML
  Parameters: {"id"=>"1"}
  [1m[36mMicropost Load (0.3ms)[0m  [1m[34mSELECT  "microposts".* FROM "microposts" WHERE "microposts"."id" = ? LIMIT ?[0m  [["id", 1], ["LIMIT", 1]]
  Rendering microposts/show.html.erb within layouts/application
  Rendered microposts/show.html.erb within layouts/application (2.9ms)
Completed 500 Internal Server Error in 9ms (ActiveRecord: 0.3ms)


  
ActionView::Template::Error (undefined method `name' for nil:NilClass):
     7: 
     8: <p>
     9:   <strong>anonymous author:</strong>
    10:   <%= @user.name %>
    11: </p>
    12: 
    13: <%= link_to 'Edit', edit_micropost_path(@micropost) %> |
  
app/views/microposts/show.html.erb:10:in `_app_views_microposts_show_html_erb___3173173490013132400_70199873516740'
Started GET "/microposts/1" for 127.0.0.1 at 2017-10-25 20:55:29 +0200
Processing by MicropostsController#show as HTML
  Parameters: {"id"=>"1"}
  [1m[36mMicropost Load (0.1ms)[0m  [1m[34mSELECT  "microposts".* FROM "microposts" WHERE "microposts"."id" = ? LIMIT ?[0m  [["id", 1], ["LIMIT", 1]]
  Rendering microposts/show.html.erb within layouts/application
  Rendered microposts/show.html.erb within layouts/application (1.9ms)
Completed 500 Internal Server Error in 13ms (ActiveRecord: 0.9ms)


  
ActionView::Template::Error (undefined method `name' for nil:NilClass):
     7: 
     8: <p>
     9:   <strong>anonymous author:</strong>
    10:   <%= @user.name %>
    11: </p>
    12: 
    13: <%= link_to 'Edit', edit_micropost_path(@micropost) %> |
  
app/views/microposts/show.html.erb:10:in `_app_views_microposts_show_html_erb___3173173490013132400_70199936222700'
Started POST "/microposts" for 127.0.0.1 at 2017-10-25 20:55:32 +0200
Processing by MicropostsController#create as HTML
  Parameters: {"utf8"=>"✓", "authenticity_token"=>"O38pFgMVzHAvpMdZTWdjos8FwfznZoFbMRZsiYjT72F2u17PKX5REPfTW8Erxfrix5z69naWGxfP1C/6MGD2+g==", "micropost"=>{"content"=>"dsa", "name"=>"dasda"}, "commit"=>"Create Micropost"}
Unpermitted parameter: :name
  [1m[35m (0.1ms)[0m  [1m[36mbegin transaction[0m
  [1m[35mSQL (0.3ms)[0m  [1m[32mINSERT INTO "microposts" ("content", "created_at", "updated_at") VALUES (?, ?, ?)[0m  [["content", "dsa"], ["created_at", "2017-10-25 18:55:32.047453"], ["updated_at", "2017-10-25 18:55:32.047453"]]
  [1m[35m (185.4ms)[0m  [1m[36mcommit transaction[0m
Redirected to http://localhost:3000/microposts/2
Completed 500 Internal Server Error in 319ms (ActiveRecord: 185.8ms)


  
NameError (undefined local variable or method `user_params' for #<MicropostsController:0x000000042e4628>
Did you mean?  user_path):
  
app/controllers/microposts_controller.rb:41:in `create'
Started POST "/microposts" for 127.0.0.1 at 2017-10-25 20:56:00 +0200
Processing by MicropostsController#create as HTML
  Parameters: {"utf8"=>"✓", "authenticity_token"=>"O38pFgMVzHAvpMdZTWdjos8FwfznZoFbMRZsiYjT72F2u17PKX5REPfTW8Erxfrix5z69naWGxfP1C/6MGD2+g==", "micropost"=>{"content"=>"dsa", "name"=>"dasda"}, "commit"=>"Create Micropost"}
Unpermitted parameter: :name
  [1m[35m (0.0ms)[0m  [1m[36mbegin transaction[0m
  [1m[35mSQL (0.2ms)[0m  [1m[32mINSERT INTO "microposts" ("content", "created_at", "updated_at") VALUES (?, ?, ?)[0m  [["content", "dsa"], ["created_at", "2017-10-25 18:56:00.660295"], ["updated_at", "2017-10-25 18:56:00.660295"]]
  [1m[35m (54.8ms)[0m  [1m[36mcommit transaction[0m
Redirected to http://localhost:3000/microposts/3
Completed 500 Internal Server Error in 74ms (ActiveRecord: 55.8ms)


  
ActionController::UrlGenerationError (No route matches {:action=>"show", :controller=>"users"}, missing required keys: [:id]):
  
app/controllers/microposts_controller.rb:41:in `create'
Started GET "/" for 127.0.0.1 at 2017-10-25 20:56:46 +0200
Processing by MicropostsController#index as HTML
  Rendering microposts/index.html.erb within layouts/application
  [1m[36mMicropost Load (0.1ms)[0m  [1m[34mSELECT "microposts".* FROM "microposts"[0m
  Rendered microposts/index.html.erb within layouts/application (207.3ms)
Completed 500 Internal Server Error in 212ms (ActiveRecord: 0.8ms)


  
ActionView::Template::Error (undefined local variable or method `user' for #<#<Class:0x00000002ab5868>:0x00000002aa16b0>):
    14:     <% @microposts.each do |micropost| %>
    15:       <tr>
    16:         <td><%= micropost.content %></td>
    17:         <td><%= user.name %></td>
    18:         <td><%= link_to 'Show', micropost %></td>
    19:         <td><%= link_to 'Edit', edit_micropost_path(micropost) %></td>
    20:         <td><%= link_to 'Destroy', micropost, method: :delete, data: { confirm: 'Are you sure?' } %></td>
  
app/views/microposts/index.html.erb:17:in `block in _app_views_microposts_index_html_erb___1807829014404222244_22393820'
app/views/microposts/index.html.erb:14:in `_app_views_microposts_index_html_erb___1807829014404222244_22393820'
Started GET "/" for 127.0.0.1 at 2017-10-25 20:56:48 +0200
Processing by MicropostsController#index as HTML
  Rendering microposts/index.html.erb within layouts/application
  [1m[36mMicropost Load (0.2ms)[0m  [1m[34mSELECT "microposts".* FROM "microposts"[0m
  Rendered microposts/index.html.erb within layouts/application (140.2ms)
Completed 500 Internal Server Error in 144ms (ActiveRecord: 0.2ms)


  
ActionView::Template::Error (undefined local variable or method `user' for #<#<Class:0x00000002ab5868>:0x007fb1648530c8>):
    14:     <% @microposts.each do |micropost| %>
    15:       <tr>
    16:         <td><%= micropost.content %></td>
    17:         <td><%= user.name %></td>
    18:         <td><%= link_to 'Show', micropost %></td>
    19:         <td><%= link_to 'Edit', edit_micropost_path(micropost) %></td>
    20:         <td><%= link_to 'Destroy', micropost, method: :delete, data: { confirm: 'Are you sure?' } %></td>
  
app/views/microposts/index.html.erb:17:in `block in _app_views_microposts_index_html_erb___1807829014404222244_70199936196080'
app/views/microposts/index.html.erb:14:in `_app_views_microposts_index_html_erb___1807829014404222244_70199936196080'
Started GET "/" for 127.0.0.1 at 2017-10-25 20:57:17 +0200
Processing by MicropostsController#index as HTML
  Rendering microposts/index.html.erb within layouts/application
  [1m[36mMicropost Load (0.1ms)[0m  [1m[34mSELECT "microposts".* FROM "microposts"[0m
  Rendered microposts/index.html.erb within layouts/application (183.5ms)
Completed 500 Internal Server Error in 189ms (ActiveRecord: 0.8ms)


  
ActionView::Template::Error (undefined local variable or method `user' for #<#<Class:0x007fb15d2df058>:0x007fb15d2ba0c8>):
    14:     <% @microposts.each do |micropost| %>
    15:       <tr>
    16:         <td><%= micropost.content %></td>
    17:         <td><%= user.name %></td>
    18:         <td><%= link_to 'Show', micropost %></td>
    19:         <td><%= link_to 'Edit', edit_micropost_path(micropost) %></td>
    20:         <td><%= link_to 'Destroy', micropost, method: :delete, data: { confirm: 'Are you sure?' } %></td>
  
app/views/microposts/index.html.erb:17:in `block in _app_views_microposts_index_html_erb___1807829014404222244_70199874265840'
app/views/microposts/index.html.erb:14:in `_app_views_microposts_index_html_erb___1807829014404222244_70199874265840'
Started GET "/" for 127.0.0.1 at 2017-10-25 20:57:18 +0200
Processing by MicropostsController#index as HTML
  Rendering microposts/index.html.erb within layouts/application
  [1m[36mMicropost Load (0.4ms)[0m  [1m[34mSELECT "microposts".* FROM "microposts"[0m
  Rendered microposts/index.html.erb within layouts/application (155.0ms)
Completed 500 Internal Server Error in 163ms (ActiveRecord: 0.4ms)


  
ActionView::Template::Error (undefined local variable or method `user' for #<#<Class:0x007fb15d2df058>:0x007fb17c042d80>):
    14:     <% @microposts.each do |micropost| %>
    15:       <tr>
    16:         <td><%= micropost.content %></td>
    17:         <td><%= user.name %></td>
    18:         <td><%= link_to 'Show', micropost %></td>
    19:         <td><%= link_to 'Edit', edit_micropost_path(micropost) %></td>
    20:         <td><%= link_to 'Destroy', micropost, method: :delete, data: { confirm: 'Are you sure?' } %></td>
  
app/views/microposts/index.html.erb:17:in `block in _app_views_microposts_index_html_erb___1807829014404222244_70200133295020'
app/views/microposts/index.html.erb:14:in `_app_views_microposts_index_html_erb___1807829014404222244_70200133295020'
Started GET "/microposts/new" for 127.0.0.1 at 2017-10-25 20:57:20 +0200
Processing by MicropostsController#new as HTML
  Rendering microposts/new.html.erb within layouts/application
  Rendered microposts/_form.html.erb (2.5ms)
  Rendered microposts/new.html.erb within layouts/application (3.5ms)
Completed 200 OK in 19ms (Views: 16.5ms | ActiveRecord: 0.0ms)


Started GET "/microposts/new" for 127.0.0.1 at 2017-10-25 20:57:22 +0200
Processing by MicropostsController#new as HTML
  Rendering microposts/new.html.erb within layouts/application
  Rendered microposts/_form.html.erb (1.7ms)
  Rendered microposts/new.html.erb within layouts/application (2.8ms)
Completed 200 OK in 18ms (Views: 16.8ms | ActiveRecord: 0.0ms)


Started GET "/microposts/new" for 127.0.0.1 at 2017-10-25 20:57:22 +0200
Processing by MicropostsController#new as HTML
  Rendering microposts/new.html.erb within layouts/application
  Rendered microposts/_form.html.erb (5.3ms)
  Rendered microposts/new.html.erb within layouts/application (7.9ms)
Completed 200 OK in 38ms (Views: 35.3ms | ActiveRecord: 0.0ms)


Started GET "/microposts/new" for 127.0.0.1 at 2017-10-25 20:57:23 +0200
Processing by MicropostsController#new as HTML
  Rendering microposts/new.html.erb within layouts/application
  Rendered microposts/_form.html.erb (1.7ms)
  Rendered microposts/new.html.erb within layouts/application (2.6ms)
Completed 200 OK in 17ms (Views: 15.7ms | ActiveRecord: 0.0ms)


Started GET "/microposts/new" for 127.0.0.1 at 2017-10-25 20:57:23 +0200
Processing by MicropostsController#new as HTML
  Rendering microposts/new.html.erb within layouts/application
  Rendered microposts/_form.html.erb (6.8ms)
  Rendered microposts/new.html.erb within layouts/application (9.6ms)
Completed 200 OK in 39ms (Views: 35.5ms | ActiveRecord: 0.0ms)


Started GET "/microposts/new" for 127.0.0.1 at 2017-10-25 20:57:23 +0200
Processing by MicropostsController#new as HTML
  Rendering microposts/new.html.erb within layouts/application
  Rendered microposts/_form.html.erb (4.9ms)
  Rendered microposts/new.html.erb within layouts/application (7.6ms)
Completed 200 OK in 33ms (Views: 29.8ms | ActiveRecord: 0.0ms)


Started GET "/microposts/new" for 127.0.0.1 at 2017-10-25 20:57:24 +0200
Processing by MicropostsController#new as HTML
  Rendering microposts/new.html.erb within layouts/application
  Rendered microposts/_form.html.erb (5.0ms)
  Rendered microposts/new.html.erb within layouts/application (7.7ms)
Completed 200 OK in 31ms (Views: 28.7ms | ActiveRecord: 0.0ms)


Started GET "/microposts/new" for 127.0.0.1 at 2017-10-25 20:57:24 +0200
Processing by MicropostsController#new as HTML
  Rendering microposts/new.html.erb within layouts/application
  Rendered microposts/_form.html.erb (5.1ms)
  Rendered microposts/new.html.erb within layouts/application (7.8ms)
Completed 200 OK in 34ms (Views: 31.6ms | ActiveRecord: 0.0ms)


Started GET "/m" for 127.0.0.1 at 2017-10-25 20:57:26 +0200
  
ActionController::RoutingError (No route matches [GET] "/m"):
  
actionpack (5.1.4) lib/action_dispatch/middleware/debug_exceptions.rb:63:in `call'
web-console (3.5.1) lib/web_console/middleware.rb:135:in `call_app'
web-console (3.5.1) lib/web_console/middleware.rb:28:in `block in call'
web-console (3.5.1) lib/web_console/middleware.rb:18:in `catch'
web-console (3.5.1) lib/web_console/middleware.rb:18:in `call'
actionpack (5.1.4) lib/action_dispatch/middleware/show_exceptions.rb:31:in `call'
railties (5.1.4) lib/rails/rack/logger.rb:36:in `call_app'
railties (5.1.4) lib/rails/rack/logger.rb:24:in `block in call'
activesupport (5.1.4) lib/active_support/tagged_logging.rb:69:in `block in tagged'
activesupport (5.1.4) lib/active_support/tagged_logging.rb:26:in `tagged'
activesupport (5.1.4) lib/active_support/tagged_logging.rb:69:in `tagged'
railties (5.1.4) lib/rails/rack/logger.rb:24:in `call'
sprockets-rails (3.2.1) lib/sprockets/rails/quiet_assets.rb:13:in `call'
actionpack (5.1.4) lib/action_dispatch/middleware/remote_ip.rb:79:in `call'
actionpack (5.1.4) lib/action_dispatch/middleware/request_id.rb:25:in `call'
rack (2.0.3) lib/rack/method_override.rb:22:in `call'
rack (2.0.3) lib/rack/runtime.rb:22:in `call'
activesupport (5.1.4) lib/active_support/cache/strategy/local_cache_middleware.rb:27:in `call'
actionpack (5.1.4) lib/action_dispatch/middleware/executor.rb:12:in `call'
actionpack (5.1.4) lib/action_dispatch/middleware/static.rb:125:in `call'
rack (2.0.3) lib/rack/sendfile.rb:111:in `call'
railties (5.1.4) lib/rails/engine.rb:522:in `call'
puma (3.10.0) lib/puma/configuration.rb:225:in `call'
puma (3.10.0) lib/puma/server.rb:605:in `handle_request'
puma (3.10.0) lib/puma/server.rb:437:in `process_client'
puma (3.10.0) lib/puma/server.rb:301:in `block in run'
puma (3.10.0) lib/puma/thread_pool.rb:120:in `block in spawn_thread'
Started GET "/m" for 127.0.0.1 at 2017-10-25 20:58:24 +0200
  
ActionController::RoutingError (No route matches [GET] "/m"):
  
actionpack (5.1.4) lib/action_dispatch/middleware/debug_exceptions.rb:63:in `call'
web-console (3.5.1) lib/web_console/middleware.rb:135:in `call_app'
web-console (3.5.1) lib/web_console/middleware.rb:28:in `block in call'
web-console (3.5.1) lib/web_console/middleware.rb:18:in `catch'
web-console (3.5.1) lib/web_console/middleware.rb:18:in `call'
actionpack (5.1.4) lib/action_dispatch/middleware/show_exceptions.rb:31:in `call'
railties (5.1.4) lib/rails/rack/logger.rb:36:in `call_app'
railties (5.1.4) lib/rails/rack/logger.rb:24:in `block in call'
activesupport (5.1.4) lib/active_support/tagged_logging.rb:69:in `block in tagged'
activesupport (5.1.4) lib/active_support/tagged_logging.rb:26:in `tagged'
activesupport (5.1.4) lib/active_support/tagged_logging.rb:69:in `tagged'
railties (5.1.4) lib/rails/rack/logger.rb:24:in `call'
sprockets-rails (3.2.1) lib/sprockets/rails/quiet_assets.rb:13:in `call'
actionpack (5.1.4) lib/action_dispatch/middleware/remote_ip.rb:79:in `call'
actionpack (5.1.4) lib/action_dispatch/middleware/request_id.rb:25:in `call'
rack (2.0.3) lib/rack/method_override.rb:22:in `call'
rack (2.0.3) lib/rack/runtime.rb:22:in `call'
activesupport (5.1.4) lib/active_support/cache/strategy/local_cache_middleware.rb:27:in `call'
actionpack (5.1.4) lib/action_dispatch/middleware/executor.rb:12:in `call'
actionpack (5.1.4) lib/action_dispatch/middleware/static.rb:125:in `call'
rack (2.0.3) lib/rack/sendfile.rb:111:in `call'
railties (5.1.4) lib/rails/engine.rb:522:in `call'
puma (3.10.0) lib/puma/configuration.rb:225:in `call'
puma (3.10.0) lib/puma/server.rb:605:in `handle_request'
puma (3.10.0) lib/puma/server.rb:437:in `process_client'
puma (3.10.0) lib/puma/server.rb:301:in `block in run'
puma (3.10.0) lib/puma/thread_pool.rb:120:in `block in spawn_thread'
Started GET "/m" for 127.0.0.1 at 2017-10-25 20:58:24 +0200
  
ActionController::RoutingError (No route matches [GET] "/m"):
  
actionpack (5.1.4) lib/action_dispatch/middleware/debug_exceptions.rb:63:in `call'
web-console (3.5.1) lib/web_console/middleware.rb:135:in `call_app'
web-console (3.5.1) lib/web_console/middleware.rb:28:in `block in call'
web-console (3.5.1) lib/web_console/middleware.rb:18:in `catch'
web-console (3.5.1) lib/web_console/middleware.rb:18:in `call'
actionpack (5.1.4) lib/action_dispatch/middleware/show_exceptions.rb:31:in `call'
railties (5.1.4) lib/rails/rack/logger.rb:36:in `call_app'
railties (5.1.4) lib/rails/rack/logger.rb:24:in `block in call'
activesupport (5.1.4) lib/active_support/tagged_logging.rb:69:in `block in tagged'
activesupport (5.1.4) lib/active_support/tagged_logging.rb:26:in `tagged'
activesupport (5.1.4) lib/active_support/tagged_logging.rb:69:in `tagged'
railties (5.1.4) lib/rails/rack/logger.rb:24:in `call'
sprockets-rails (3.2.1) lib/sprockets/rails/quiet_assets.rb:13:in `call'
actionpack (5.1.4) lib/action_dispatch/middleware/remote_ip.rb:79:in `call'
actionpack (5.1.4) lib/action_dispatch/middleware/request_id.rb:25:in `call'
rack (2.0.3) lib/rack/method_override.rb:22:in `call'
rack (2.0.3) lib/rack/runtime.rb:22:in `call'
activesupport (5.1.4) lib/active_support/cache/strategy/local_cache_middleware.rb:27:in `call'
actionpack (5.1.4) lib/action_dispatch/middleware/executor.rb:12:in `call'
actionpack (5.1.4) lib/action_dispatch/middleware/static.rb:125:in `call'
rack (2.0.3) lib/rack/sendfile.rb:111:in `call'
railties (5.1.4) lib/rails/engine.rb:522:in `call'
puma (3.10.0) lib/puma/configuration.rb:225:in `call'
puma (3.10.0) lib/puma/server.rb:605:in `handle_request'
puma (3.10.0) lib/puma/server.rb:437:in `process_client'
puma (3.10.0) lib/puma/server.rb:301:in `block in run'
puma (3.10.0) lib/puma/thread_pool.rb:120:in `block in spawn_thread'
Started GET "/m" for 127.0.0.1 at 2017-10-25 20:58:25 +0200
  
ActionController::RoutingError (No route matches [GET] "/m"):
  
actionpack (5.1.4) lib/action_dispatch/middleware/debug_exceptions.rb:63:in `call'
web-console (3.5.1) lib/web_console/middleware.rb:135:in `call_app'
web-console (3.5.1) lib/web_console/middleware.rb:28:in `block in call'
web-console (3.5.1) lib/web_console/middleware.rb:18:in `catch'
web-console (3.5.1) lib/web_console/middleware.rb:18:in `call'
actionpack (5.1.4) lib/action_dispatch/middleware/show_exceptions.rb:31:in `call'
railties (5.1.4) lib/rails/rack/logger.rb:36:in `call_app'
railties (5.1.4) lib/rails/rack/logger.rb:24:in `block in call'
activesupport (5.1.4) lib/active_support/tagged_logging.rb:69:in `block in tagged'
activesupport (5.1.4) lib/active_support/tagged_logging.rb:26:in `tagged'
activesupport (5.1.4) lib/active_support/tagged_logging.rb:69:in `tagged'
railties (5.1.4) lib/rails/rack/logger.rb:24:in `call'
sprockets-rails (3.2.1) lib/sprockets/rails/quiet_assets.rb:13:in `call'
actionpack (5.1.4) lib/action_dispatch/middleware/remote_ip.rb:79:in `call'
actionpack (5.1.4) lib/action_dispatch/middleware/request_id.rb:25:in `call'
rack (2.0.3) lib/rack/method_override.rb:22:in `call'
rack (2.0.3) lib/rack/runtime.rb:22:in `call'
activesupport (5.1.4) lib/active_support/cache/strategy/local_cache_middleware.rb:27:in `call'
actionpack (5.1.4) lib/action_dispatch/middleware/executor.rb:12:in `call'
actionpack (5.1.4) lib/action_dispatch/middleware/static.rb:125:in `call'
rack (2.0.3) lib/rack/sendfile.rb:111:in `call'
railties (5.1.4) lib/rails/engine.rb:522:in `call'
puma (3.10.0) lib/puma/configuration.rb:225:in `call'
puma (3.10.0) lib/puma/server.rb:605:in `handle_request'
puma (3.10.0) lib/puma/server.rb:437:in `process_client'
puma (3.10.0) lib/puma/server.rb:301:in `block in run'
puma (3.10.0) lib/puma/thread_pool.rb:120:in `block in spawn_thread'
Started GET "/m" for 127.0.0.1 at 2017-10-25 20:58:25 +0200
  
ActionController::RoutingError (No route matches [GET] "/m"):
  
actionpack (5.1.4) lib/action_dispatch/middleware/debug_exceptions.rb:63:in `call'
web-console (3.5.1) lib/web_console/middleware.rb:135:in `call_app'
web-console (3.5.1) lib/web_console/middleware.rb:28:in `block in call'
web-console (3.5.1) lib/web_console/middleware.rb:18:in `catch'
web-console (3.5.1) lib/web_console/middleware.rb:18:in `call'
actionpack (5.1.4) lib/action_dispatch/middleware/show_exceptions.rb:31:in `call'
railties (5.1.4) lib/rails/rack/logger.rb:36:in `call_app'
railties (5.1.4) lib/rails/rack/logger.rb:24:in `block in call'
activesupport (5.1.4) lib/active_support/tagged_logging.rb:69:in `block in tagged'
activesupport (5.1.4) lib/active_support/tagged_logging.rb:26:in `tagged'
activesupport (5.1.4) lib/active_support/tagged_logging.rb:69:in `tagged'
railties (5.1.4) lib/rails/rack/logger.rb:24:in `call'
sprockets-rails (3.2.1) lib/sprockets/rails/quiet_assets.rb:13:in `call'
actionpack (5.1.4) lib/action_dispatch/middleware/remote_ip.rb:79:in `call'
actionpack (5.1.4) lib/action_dispatch/middleware/request_id.rb:25:in `call'
rack (2.0.3) lib/rack/method_override.rb:22:in `call'
rack (2.0.3) lib/rack/runtime.rb:22:in `call'
activesupport (5.1.4) lib/active_support/cache/strategy/local_cache_middleware.rb:27:in `call'
actionpack (5.1.4) lib/action_dispatch/middleware/executor.rb:12:in `call'
actionpack (5.1.4) lib/action_dispatch/middleware/static.rb:125:in `call'
rack (2.0.3) lib/rack/sendfile.rb:111:in `call'
railties (5.1.4) lib/rails/engine.rb:522:in `call'
puma (3.10.0) lib/puma/configuration.rb:225:in `call'
puma (3.10.0) lib/puma/server.rb:605:in `handle_request'
puma (3.10.0) lib/puma/server.rb:437:in `process_client'
puma (3.10.0) lib/puma/server.rb:301:in `block in run'
puma (3.10.0) lib/puma/thread_pool.rb:120:in `block in spawn_thread'
Started GET "/microposts" for 127.0.0.1 at 2017-10-25 20:59:03 +0200
  [1m[35m (0.2ms)[0m  [1m[34mSELECT "schema_migrations"."version" FROM "schema_migrations" ORDER BY "schema_migrations"."version" ASC[0m
Processing by MicropostsController#index as HTML
  Rendering microposts/index.html.erb within layouts/application
  [1m[36mMicropost Load (0.2ms)[0m  [1m[34mSELECT "microposts".* FROM "microposts"[0m
  Rendered microposts/index.html.erb within layouts/application (181.1ms)
Completed 500 Internal Server Error in 193ms (ActiveRecord: 0.7ms)


  
ActionView::Template::Error (undefined local variable or method `user' for #<#<Class:0x00000003861430>:0x000000037fd7a0>):
    14:     <% @microposts.each do |micropost| %>
    15:       <tr>
    16:         <td><%= micropost.content %></td>
    17:         <td><%= user.name %></td>
    18:         <td><%= link_to 'Show', micropost %></td>
    19:         <td><%= link_to 'Edit', edit_micropost_path(micropost) %></td>
    20:         <td><%= link_to 'Destroy', micropost, method: :delete, data: { confirm: 'Are you sure?' } %></td>
  
app/views/microposts/index.html.erb:17:in `block in _app_views_microposts_index_html_erb__2754511614003555385_29563640'
app/views/microposts/index.html.erb:14:in `_app_views_microposts_index_html_erb__2754511614003555385_29563640'
Started GET "/m" for 127.0.0.1 at 2017-10-25 21:01:20 +0200
  
ActionController::RoutingError (No route matches [GET] "/m"):
  
actionpack (5.1.4) lib/action_dispatch/middleware/debug_exceptions.rb:63:in `call'
web-console (3.5.1) lib/web_console/middleware.rb:135:in `call_app'
web-console (3.5.1) lib/web_console/middleware.rb:28:in `block in call'
web-console (3.5.1) lib/web_console/middleware.rb:18:in `catch'
web-console (3.5.1) lib/web_console/middleware.rb:18:in `call'
actionpack (5.1.4) lib/action_dispatch/middleware/show_exceptions.rb:31:in `call'
railties (5.1.4) lib/rails/rack/logger.rb:36:in `call_app'
railties (5.1.4) lib/rails/rack/logger.rb:24:in `block in call'
activesupport (5.1.4) lib/active_support/tagged_logging.rb:69:in `block in tagged'
activesupport (5.1.4) lib/active_support/tagged_logging.rb:26:in `tagged'
activesupport (5.1.4) lib/active_support/tagged_logging.rb:69:in `tagged'
railties (5.1.4) lib/rails/rack/logger.rb:24:in `call'
sprockets-rails (3.2.1) lib/sprockets/rails/quiet_assets.rb:13:in `call'
actionpack (5.1.4) lib/action_dispatch/middleware/remote_ip.rb:79:in `call'
actionpack (5.1.4) lib/action_dispatch/middleware/request_id.rb:25:in `call'
rack (2.0.3) lib/rack/method_override.rb:22:in `call'
rack (2.0.3) lib/rack/runtime.rb:22:in `call'
activesupport (5.1.4) lib/active_support/cache/strategy/local_cache_middleware.rb:27:in `call'
actionpack (5.1.4) lib/action_dispatch/middleware/executor.rb:12:in `call'
actionpack (5.1.4) lib/action_dispatch/middleware/static.rb:125:in `call'
rack (2.0.3) lib/rack/sendfile.rb:111:in `call'
railties (5.1.4) lib/rails/engine.rb:522:in `call'
puma (3.10.0) lib/puma/configuration.rb:225:in `call'
puma (3.10.0) lib/puma/server.rb:605:in `handle_request'
puma (3.10.0) lib/puma/server.rb:437:in `process_client'
puma (3.10.0) lib/puma/server.rb:301:in `block in run'
puma (3.10.0) lib/puma/thread_pool.rb:120:in `block in spawn_thread'
Started GET "/" for 127.0.0.1 at 2017-10-25 21:01:22 +0200
Processing by MicropostsController#index as HTML
  Rendering microposts/index.html.erb within layouts/application
  [1m[36mMicropost Load (0.4ms)[0m  [1m[34mSELECT "microposts".* FROM "microposts"[0m
  Rendered microposts/index.html.erb within layouts/application (8.6ms)
Completed 200 OK in 140ms (Views: 135.8ms | ActiveRecord: 1.3ms)


Started DELETE "/microposts/1" for 127.0.0.1 at 2017-10-25 21:01:33 +0200
Processing by MicropostsController#destroy as HTML
  Parameters: {"authenticity_token"=>"F0X176JYMkvL7xdELxT8JHwM/nHZb4+LXPT4k9dOsutagYI2iDOvKxOYi9xJtmVkdJXFe0ifFceiNrvgb/2rcA==", "id"=>"1"}
  [1m[36mMicropost Load (0.3ms)[0m  [1m[34mSELECT  "microposts".* FROM "microposts" WHERE "microposts"."id" = ? LIMIT ?[0m  [["id", 1], ["LIMIT", 1]]
  [1m[35m (0.1ms)[0m  [1m[36mbegin transaction[0m
  [1m[35mSQL (1.1ms)[0m  [1m[31mDELETE FROM "microposts" WHERE "microposts"."id" = ?[0m  [["id", 1]]
  [1m[35m (73.0ms)[0m  [1m[36mcommit transaction[0m
Redirected to http://localhost:3000/microposts
Completed 302 Found in 86ms (ActiveRecord: 74.5ms)


Started GET "/microposts" for 127.0.0.1 at 2017-10-25 21:01:33 +0200
Processing by MicropostsController#index as HTML
  Rendering microposts/index.html.erb within layouts/application
  [1m[36mMicropost Load (0.4ms)[0m  [1m[34mSELECT "microposts".* FROM "microposts"[0m
  Rendered microposts/index.html.erb within layouts/application (5.0ms)
Completed 200 OK in 32ms (Views: 28.4ms | ActiveRecord: 0.4ms)


Started DELETE "/microposts/2" for 127.0.0.1 at 2017-10-25 21:01:35 +0200
Processing by MicropostsController#destroy as HTML
  Parameters: {"authenticity_token"=>"XU08rLCY5hzZgF0RSy78tcFIdYkB2qVKUptSqJDLyGYQiUt1mvN7fAH3wYktjGX1ydFOg5AqPwasWRHbKHjR/Q==", "id"=>"2"}
  [1m[36mMicropost Load (0.2ms)[0m  [1m[34mSELECT  "microposts".* FROM "microposts" WHERE "microposts"."id" = ? LIMIT ?[0m  [["id", 2], ["LIMIT", 1]]
  [1m[35m (0.1ms)[0m  [1m[36mbegin transaction[0m
  [1m[35mSQL (1.1ms)[0m  [1m[31mDELETE FROM "microposts" WHERE "microposts"."id" = ?[0m  [["id", 2]]
  [1m[35m (62.8ms)[0m  [1m[36mcommit transaction[0m
Redirected to http://localhost:3000/microposts
Completed 302 Found in 69ms (ActiveRecord: 64.1ms)


Started GET "/microposts" for 127.0.0.1 at 2017-10-25 21:01:35 +0200
Processing by MicropostsController#index as HTML
  Rendering microposts/index.html.erb within layouts/application
  [1m[36mMicropost Load (0.2ms)[0m  [1m[34mSELECT "microposts".* FROM "microposts"[0m
  Rendered microposts/index.html.erb within layouts/application (2.0ms)
Completed 200 OK in 23ms (Views: 21.1ms | ActiveRecord: 0.2ms)


Started DELETE "/microposts/3" for 127.0.0.1 at 2017-10-25 21:01:38 +0200
Processing by MicropostsController#destroy as HTML
  Parameters: {"authenticity_token"=>"VmOf2X1AcQCzyX2VTk89Nx4kR0GyhHXHLAQzWNYGqT0bp+gAVyvsYGu+4Q0o7aR3Fr18SyN074vSxnArbrWwpg==", "id"=>"3"}
  [1m[36mMicropost Load (0.2ms)[0m  [1m[34mSELECT  "microposts".* FROM "microposts" WHERE "microposts"."id" = ? LIMIT ?[0m  [["id", 3], ["LIMIT", 1]]
  [1m[35m (0.0ms)[0m  [1m[36mbegin transaction[0m
  [1m[35mSQL (0.1ms)[0m  [1m[31mDELETE FROM "microposts" WHERE "microposts"."id" = ?[0m  [["id", 3]]
  [1m[35m (48.3ms)[0m  [1m[36mcommit transaction[0m
Redirected to http://localhost:3000/microposts
Completed 302 Found in 54ms (ActiveRecord: 48.6ms)


Started GET "/microposts" for 127.0.0.1 at 2017-10-25 21:01:38 +0200
Processing by MicropostsController#index as HTML
  Rendering microposts/index.html.erb within layouts/application
  [1m[36mMicropost Load (0.2ms)[0m  [1m[34mSELECT "microposts".* FROM "microposts"[0m
  Rendered microposts/index.html.erb within layouts/application (1.6ms)
Completed 200 OK in 51ms (Views: 47.7ms | ActiveRecord: 0.2ms)


Started GET "/microposts/new" for 127.0.0.1 at 2017-10-25 21:01:39 +0200
Processing by MicropostsController#new as HTML
  Rendering microposts/new.html.erb within layouts/application
  Rendered microposts/_form.html.erb (8.5ms)
  Rendered microposts/new.html.erb within layouts/application (9.8ms)
Completed 200 OK in 27ms (Views: 25.7ms | ActiveRecord: 0.0ms)


Started POST "/microposts" for 127.0.0.1 at 2017-10-25 21:01:41 +0200
Processing by MicropostsController#create as HTML
  Parameters: {"utf8"=>"✓", "authenticity_token"=>"PCFFf1xPU2tU08aNLzaYMdo8gxOy/ApZN+N87LBHTBRwMjH+bZJxcp7hLuPIok3S4DvR+hJ8Hwyue7d8zIV28Q==", "micropost"=>{"content"=>"adsadsdas", "name"=>"adsasd"}, "commit"=>"Create Micropost"}
Unpermitted parameter: :name
  [1m[35m (0.2ms)[0m  [1m[36mbegin transaction[0m
  [1m[35mSQL (2.2ms)[0m  [1m[32mINSERT INTO "microposts" ("content", "created_at", "updated_at") VALUES (?, ?, ?)[0m  [["content", "adsadsdas"], ["created_at", "2017-10-25 19:01:41.863042"], ["updated_at", "2017-10-25 19:01:41.863042"]]
  [1m[35m (169.6ms)[0m  [1m[36mcommit transaction[0m
Redirected to http://localhost:3000/microposts/4
Completed 302 Found in 182ms (ActiveRecord: 172.0ms)


Started GET "/microposts/4" for 127.0.0.1 at 2017-10-25 21:01:42 +0200
Processing by MicropostsController#show as HTML
  Parameters: {"id"=>"4"}
  [1m[36mMicropost Load (0.3ms)[0m  [1m[34mSELECT  "microposts".* FROM "microposts" WHERE "microposts"."id" = ? LIMIT ?[0m  [["id", 4], ["LIMIT", 1]]
  Rendering microposts/show.html.erb within layouts/application
  Rendered microposts/show.html.erb within layouts/application (1.8ms)
Completed 200 OK in 37ms (Views: 32.8ms | ActiveRecord: 0.3ms)


Started GET "/microposts" for 127.0.0.1 at 2017-10-25 21:01:43 +0200
Processing by MicropostsController#index as HTML
  Rendering microposts/index.html.erb within layouts/application
  [1m[36mMicropost Load (0.5ms)[0m  [1m[34mSELECT "microposts".* FROM "microposts"[0m
  Rendered microposts/index.html.erb within layouts/application (5.2ms)
Completed 200 OK in 37ms (Views: 33.5ms | ActiveRecord: 0.5ms)


Started GET "/microposts/4" for 127.0.0.1 at 2017-10-25 21:01:50 +0200
Processing by MicropostsController#show as HTML
  Parameters: {"id"=>"4"}
  [1m[36mMicropost Load (0.6ms)[0m  [1m[34mSELECT  "microposts".* FROM "microposts" WHERE "microposts"."id" = ? LIMIT ?[0m  [["id", 4], ["LIMIT", 1]]
  Rendering microposts/show.html.erb within layouts/application
  Rendered microposts/show.html.erb within layouts/application (1.1ms)
Completed 200 OK in 33ms (Views: 30.1ms | ActiveRecord: 0.6ms)


Started GET "/microposts" for 127.0.0.1 at 2017-10-25 21:01:51 +0200
Processing by MicropostsController#index as HTML
  Rendering microposts/index.html.erb within layouts/application
  [1m[36mMicropost Load (0.6ms)[0m  [1m[34mSELECT "microposts".* FROM "microposts"[0m
  Rendered microposts/index.html.erb within layouts/application (6.6ms)
Completed 200 OK in 45ms (Views: 40.0ms | ActiveRecord: 0.6ms)


Started DELETE "/microposts/4" for 127.0.0.1 at 2017-10-25 21:01:53 +0200
Processing by MicropostsController#destroy as HTML
  Parameters: {"authenticity_token"=>"nN3VadJkP6GwjmDxDgHXwJWVzdsEKw0idHPMSNcN7uXRGaKw+A+iwWj5/Gloo06AnQz20ZXbl26KsY87b773fg==", "id"=>"4"}
  [1m[36mMicropost Load (0.3ms)[0m  [1m[34mSELECT  "microposts".* FROM "microposts" WHERE "microposts"."id" = ? LIMIT ?[0m  [["id", 4], ["LIMIT", 1]]
  [1m[35m (0.1ms)[0m  [1m[36mbegin transaction[0m
  [1m[35mSQL (2.1ms)[0m  [1m[31mDELETE FROM "microposts" WHERE "microposts"."id" = ?[0m  [["id", 4]]
  [1m[35m (47.2ms)[0m  [1m[36mcommit transaction[0m
Redirected to http://localhost:3000/microposts
Completed 302 Found in 59ms (ActiveRecord: 49.7ms)


Started GET "/microposts" for 127.0.0.1 at 2017-10-25 21:01:53 +0200
Processing by MicropostsController#index as HTML
  Rendering microposts/index.html.erb within layouts/application
  [1m[36mMicropost Load (0.3ms)[0m  [1m[34mSELECT "microposts".* FROM "microposts"[0m
  Rendered microposts/index.html.erb within layouts/application (3.0ms)
Completed 200 OK in 36ms (Views: 33.7ms | ActiveRecord: 0.3ms)


Started GET "/microposts/new" for 127.0.0.1 at 2017-10-25 21:01:54 +0200
Processing by MicropostsController#new as HTML
  Rendering microposts/new.html.erb within layouts/application
  Rendered microposts/_form.html.erb (4.1ms)
  Rendered microposts/new.html.erb within layouts/application (6.5ms)
Completed 200 OK in 30ms (Views: 27.3ms | ActiveRecord: 0.0ms)


Started GET "/microposts/new" for 127.0.0.1 at 2017-10-25 21:04:30 +0200
Processing by MicropostsController#new as HTML
  Rendering microposts/new.html.erb within layouts/application
  Rendered microposts/_form.html.erb (6.7ms)
  Rendered microposts/new.html.erb within layouts/application (10.9ms)
Completed 200 OK in 46ms (Views: 42.3ms | ActiveRecord: 0.0ms)


Started GET "/microposts/new" for 127.0.0.1 at 2017-10-25 21:04:31 +0200
Processing by MicropostsController#new as HTML
  Rendering microposts/new.html.erb within layouts/application
  Rendered microposts/_form.html.erb (3.7ms)
  Rendered microposts/new.html.erb within layouts/application (5.9ms)
Completed 200 OK in 33ms (Views: 29.3ms | ActiveRecord: 0.0ms)


Started GET "/" for 127.0.0.1 at 2017-10-25 21:04:33 +0200
Processing by MicropostsController#index as HTML
  Rendering microposts/index.html.erb within layouts/application
  [1m[36mMicropost Load (0.2ms)[0m  [1m[34mSELECT "microposts".* FROM "microposts"[0m
  Rendered microposts/index.html.erb within layouts/application (1.3ms)
Completed 200 OK in 17ms (Views: 15.3ms | ActiveRecord: 0.2ms)


Started GET "/microposts/new" for 127.0.0.1 at 2017-10-25 21:04:35 +0200
Processing by MicropostsController#new as HTML
  Rendering microposts/new.html.erb within layouts/application
  Rendered microposts/_form.html.erb (5.7ms)
  Rendered microposts/new.html.erb within layouts/application (8.6ms)
Completed 200 OK in 36ms (Views: 32.9ms | ActiveRecord: 0.0ms)


Started POST "/microposts" for 127.0.0.1 at 2017-10-25 21:04:38 +0200
Processing by MicropostsController#create as HTML
  Parameters: {"utf8"=>"✓", "authenticity_token"=>"pzDqwDd5IlWGWqKQq/3bOMsjV0pLOmrgIGOajJjvHnDrI55BBqQATExoSv5MaQ7b8SQFo+u6f7W5+1Ec5C0klQ==", "micropost"=>{"content"=>"adsadsasd", "name"=>"dasadsads"}, "commit"=>"Create Micropost"}
Unpermitted parameter: :name
  [1m[35m (0.2ms)[0m  [1m[36mbegin transaction[0m
  [1m[35mSQL (1.8ms)[0m  [1m[32mINSERT INTO "microposts" ("content", "created_at", "updated_at") VALUES (?, ?, ?)[0m  [["content", "adsadsasd"], ["created_at", "2017-10-25 19:04:38.215139"], ["updated_at", "2017-10-25 19:04:38.215139"]]
  [1m[35m (336.1ms)[0m  [1m[36mcommit transaction[0m
Redirected to http://localhost:3000/microposts/5
Completed 302 Found in 348ms (ActiveRecord: 338.2ms)


Started GET "/microposts/5" for 127.0.0.1 at 2017-10-25 21:04:38 +0200
Processing by MicropostsController#show as HTML
  Parameters: {"id"=>"5"}
  [1m[36mMicropost Load (0.3ms)[0m  [1m[34mSELECT  "microposts".* FROM "microposts" WHERE "microposts"."id" = ? LIMIT ?[0m  [["id", 5], ["LIMIT", 1]]
  Rendering microposts/show.html.erb within layouts/application
  Rendered microposts/show.html.erb within layouts/application (1.9ms)
Completed 200 OK in 34ms (Views: 30.3ms | ActiveRecord: 0.3ms)


Started GET "/microposts/5" for 127.0.0.1 at 2017-10-25 21:05:15 +0200
Processing by MicropostsController#show as HTML
  Parameters: {"id"=>"5"}
  [1m[36mMicropost Load (0.3ms)[0m  [1m[34mSELECT  "microposts".* FROM "microposts" WHERE "microposts"."id" = ? LIMIT ?[0m  [["id", 5], ["LIMIT", 1]]
  Rendering microposts/show.html.erb within layouts/application
  Rendered microposts/show.html.erb within layouts/application (4.1ms)
Completed 500 Internal Server Error in 14ms (ActiveRecord: 0.3ms)


  
ActionView::Template::Error (undefined method `name' for nil:NilClass):
     7: 
     8: <p>
     9:   <strong>anonymous author:</strong>
    10:   <%= @user.name %>
    11: </p>
    12: 
    13: <%= link_to 'Edit', edit_micropost_path(@micropost) %> |
  
app/views/microposts/show.html.erb:10:in `_app_views_microposts_show_html_erb__1644871798636187089_70093440040100'
Started GET "/microposts/5" for 127.0.0.1 at 2017-10-25 21:05:16 +0200
Processing by MicropostsController#show as HTML
  Parameters: {"id"=>"5"}
  [1m[36mMicropost Load (0.3ms)[0m  [1m[34mSELECT  "microposts".* FROM "microposts" WHERE "microposts"."id" = ? LIMIT ?[0m  [["id", 5], ["LIMIT", 1]]
  Rendering microposts/show.html.erb within layouts/application
  Rendered microposts/show.html.erb within layouts/application (4.1ms)
Completed 500 Internal Server Error in 13ms (ActiveRecord: 0.3ms)


  
ActionView::Template::Error (undefined method `name' for nil:NilClass):
     7: 
     8: <p>
     9:   <strong>anonymous author:</strong>
    10:   <%= @user.name %>
    11: </p>
    12: 
    13: <%= link_to 'Edit', edit_micropost_path(@micropost) %> |
  
app/views/microposts/show.html.erb:10:in `_app_views_microposts_show_html_erb__1644871798636187089_70093464149800'
Started GET "/microposts/5" for 127.0.0.1 at 2017-10-25 21:06:00 +0200
  [1m[35m (0.4ms)[0m  [1m[34mSELECT "schema_migrations"."version" FROM "schema_migrations" ORDER BY "schema_migrations"."version" ASC[0m
Processing by MicropostsController#show as HTML
  Parameters: {"id"=>"5"}
  [1m[36mMicropost Load (0.3ms)[0m  [1m[34mSELECT  "microposts".* FROM "microposts" WHERE "microposts"."id" = ? LIMIT ?[0m  [["id", 5], ["LIMIT", 1]]
  Rendering microposts/show.html.erb within layouts/application
  Rendered microposts/show.html.erb within layouts/application (2.9ms)
Completed 500 Internal Server Error in 11ms (ActiveRecord: 0.3ms)


  
ActionView::Template::Error (undefined method `name' for nil:NilClass):
     7: 
     8: <p>
     9:   <strong>anonymous author:</strong>
    10:   <%= @user.name %>
    11: </p>
    12: 
    13: <%= link_to 'Edit', edit_micropost_path(@micropost) %> |
  
app/views/microposts/show.html.erb:10:in `_app_views_microposts_show_html_erb__1644871798636187089_70093435389020'
Started GET "/microposts/5" for 127.0.0.1 at 2017-10-25 21:06:07 +0200
  [1m[35m (0.4ms)[0m  [1m[34mSELECT "schema_migrations"."version" FROM "schema_migrations" ORDER BY "schema_migrations"."version" ASC[0m
Processing by MicropostsController#show as HTML
  Parameters: {"id"=>"5"}
  [1m[36mMicropost Load (0.3ms)[0m  [1m[34mSELECT  "microposts".* FROM "microposts" WHERE "microposts"."id" = ? LIMIT ?[0m  [["id", 5], ["LIMIT", 1]]
  Rendering microposts/show.html.erb within layouts/application
  Rendered microposts/show.html.erb within layouts/application (3.2ms)
Completed 500 Internal Server Error in 11ms (ActiveRecord: 0.3ms)


  
ActionView::Template::Error (undefined method `name' for nil:NilClass):
     7: 
     8: <p>
     9:   <strong>anonymous author:</strong>
    10:   <%= @user.name %>
    11: </p>
    12: 
    13: <%= link_to 'Edit', edit_micropost_path(@micropost) %> |
  
app/views/microposts/show.html.erb:10:in `_app_views_microposts_show_html_erb__1644871798636187089_70093463913800'
Started GET "/microposts/5" for 127.0.0.1 at 2017-10-25 21:06:08 +0200
Processing by MicropostsController#show as HTML
  Parameters: {"id"=>"5"}
  [1m[36mMicropost Load (0.1ms)[0m  [1m[34mSELECT  "microposts".* FROM "microposts" WHERE "microposts"."id" = ? LIMIT ?[0m  [["id", 5], ["LIMIT", 1]]
  Rendering microposts/show.html.erb within layouts/application
  Rendered microposts/show.html.erb within layouts/application (1.9ms)
Completed 500 Internal Server Error in 5ms (ActiveRecord: 0.1ms)


  
ActionView::Template::Error (undefined method `name' for nil:NilClass):
     7: 
     8: <p>
     9:   <strong>anonymous author:</strong>
    10:   <%= @user.name %>
    11: </p>
    12: 
    13: <%= link_to 'Edit', edit_micropost_path(@micropost) %> |
  
app/views/microposts/show.html.erb:10:in `_app_views_microposts_show_html_erb__1644871798636187089_42938700'
Started GET "/microposts/5" for 127.0.0.1 at 2017-10-25 21:06:25 +0200
  [1m[35m (0.3ms)[0m  [1m[34mSELECT "schema_migrations"."version" FROM "schema_migrations" ORDER BY "schema_migrations"."version" ASC[0m
Processing by MicropostsController#show as HTML
  Parameters: {"id"=>"5"}
  [1m[36mMicropost Load (0.3ms)[0m  [1m[34mSELECT  "microposts".* FROM "microposts" WHERE "microposts"."id" = ? LIMIT ?[0m  [["id", 5], ["LIMIT", 1]]
  Rendering microposts/show.html.erb within layouts/application
  Rendered microposts/show.html.erb within layouts/application (3.5ms)
Completed 500 Internal Server Error in 12ms (ActiveRecord: 0.3ms)


  
ActionView::Template::Error (undefined method `name' for nil:NilClass):
     7: 
     8: <p>
     9:   <strong>anonymous author:</strong>
    10:   <%= @user.name %>
    11: </p>
    12: 
    13: <%= link_to 'Edit', edit_micropost_path(@micropost) %> |
  
app/views/microposts/show.html.erb:10:in `_app_views_microposts_show_html_erb__1644871798636187089_70093445395780'
Started GET "/microposts/5" for 127.0.0.1 at 2017-10-25 21:06:26 +0200
Processing by MicropostsController#show as HTML
  Parameters: {"id"=>"5"}
  [1m[36mMicropost Load (0.4ms)[0m  [1m[34mSELECT  "microposts".* FROM "microposts" WHERE "microposts"."id" = ? LIMIT ?[0m  [["id", 5], ["LIMIT", 1]]
  Rendering microposts/show.html.erb within layouts/application
  Rendered microposts/show.html.erb within layouts/application (5.0ms)
Completed 500 Internal Server Error in 16ms (ActiveRecord: 0.4ms)


  
ActionView::Template::Error (undefined method `name' for nil:NilClass):
     7: 
     8: <p>
     9:   <strong>anonymous author:</strong>
    10:   <%= @user.name %>
    11: </p>
    12: 
    13: <%= link_to 'Edit', edit_micropost_path(@micropost) %> |
  
app/views/microposts/show.html.erb:10:in `_app_views_microposts_show_html_erb__1644871798636187089_27938020'
Started GET "/microposts/5" for 127.0.0.1 at 2017-10-25 21:06:27 +0200
Processing by MicropostsController#show as HTML
  Parameters: {"id"=>"5"}
  [1m[36mMicropost Load (0.1ms)[0m  [1m[34mSELECT  "microposts".* FROM "microposts" WHERE "microposts"."id" = ? LIMIT ?[0m  [["id", 5], ["LIMIT", 1]]
  Rendering microposts/show.html.erb within layouts/application
  Rendered microposts/show.html.erb within layouts/application (1.8ms)
Completed 500 Internal Server Error in 5ms (ActiveRecord: 0.1ms)


  
ActionView::Template::Error (undefined method `name' for nil:NilClass):
     7: 
     8: <p>
     9:   <strong>anonymous author:</strong>
    10:   <%= @user.name %>
    11: </p>
    12: 
    13: <%= link_to 'Edit', edit_micropost_path(@micropost) %> |
  
app/views/microposts/show.html.erb:10:in `_app_views_microposts_show_html_erb__1644871798636187089_70093439332300'
Started GET "/microposts/5" for 127.0.0.1 at 2017-10-25 21:06:27 +0200
Processing by MicropostsController#show as HTML
  Parameters: {"id"=>"5"}
  [1m[36mMicropost Load (0.2ms)[0m  [1m[34mSELECT  "microposts".* FROM "microposts" WHERE "microposts"."id" = ? LIMIT ?[0m  [["id", 5], ["LIMIT", 1]]
  Rendering microposts/show.html.erb within layouts/application
  Rendered microposts/show.html.erb within layouts/application (2.7ms)
Completed 500 Internal Server Error in 8ms (ActiveRecord: 0.2ms)


  
ActionView::Template::Error (undefined method `name' for nil:NilClass):
     7: 
     8: <p>
     9:   <strong>anonymous author:</strong>
    10:   <%= @user.name %>
    11: </p>
    12: 
    13: <%= link_to 'Edit', edit_micropost_path(@micropost) %> |
  
app/views/microposts/show.html.erb:10:in `_app_views_microposts_show_html_erb__1644871798636187089_70093447679800'
Started GET "/microposts/new" for 127.0.0.1 at 2017-10-25 21:06:30 +0200
Processing by MicropostsController#new as HTML
  Rendering microposts/new.html.erb within layouts/application
  Rendered microposts/_form.html.erb (5.2ms)
  Rendered microposts/new.html.erb within layouts/application (7.8ms)
Completed 200 OK in 33ms (Views: 30.0ms | ActiveRecord: 0.0ms)


Started POST "/microposts" for 127.0.0.1 at 2017-10-25 21:06:33 +0200
Processing by MicropostsController#create as HTML
  Parameters: {"utf8"=>"✓", "authenticity_token"=>"mn5MAv4KqAi8KrydXp+TcGcvENBaMcAfoyS4UxlWikjXujvb1GE1aGRdIAU4PQowb7Yr2svBWlNd5vsgoeWT0w==", "micropost"=>{"content"=>"da", "name"=>"da"}, "commit"=>"Create Micropost"}
Unpermitted parameter: :name
  [1m[35m (0.2ms)[0m  [1m[36mbegin transaction[0m
  [1m[35mSQL (1.9ms)[0m  [1m[32mINSERT INTO "microposts" ("content", "created_at", "updated_at") VALUES (?, ?, ?)[0m  [["content", "da"], ["created_at", "2017-10-25 19:06:33.458661"], ["updated_at", "2017-10-25 19:06:33.458661"]]
  [1m[35m (144.9ms)[0m  [1m[36mcommit transaction[0m
Redirected to http://localhost:3000/microposts/6
Completed 302 Found in 155ms (ActiveRecord: 147.0ms)


Started GET "/microposts/6" for 127.0.0.1 at 2017-10-25 21:06:33 +0200
Processing by MicropostsController#show as HTML
  Parameters: {"id"=>"6"}
  [1m[36mMicropost Load (0.3ms)[0m  [1m[34mSELECT  "microposts".* FROM "microposts" WHERE "microposts"."id" = ? LIMIT ?[0m  [["id", 6], ["LIMIT", 1]]
  Rendering microposts/show.html.erb within layouts/application
  Rendered microposts/show.html.erb within layouts/application (6.5ms)
Completed 500 Internal Server Error in 16ms (ActiveRecord: 0.3ms)


  
ActionView::Template::Error (undefined method `name' for nil:NilClass):
     7: 
     8: <p>
     9:   <strong>anonymous author:</strong>
    10:   <%= @user.name %>
    11: </p>
    12: 
    13: <%= link_to 'Edit', edit_micropost_path(@micropost) %> |
  
app/views/microposts/show.html.erb:10:in `_app_views_microposts_show_html_erb__1644871798636187089_39410000'
Started GET "/microposts/6" for 127.0.0.1 at 2017-10-25 21:06:56 +0200
Processing by MicropostsController#show as HTML
  Parameters: {"id"=>"6"}
  [1m[36mMicropost Load (0.2ms)[0m  [1m[34mSELECT  "microposts".* FROM "microposts" WHERE "microposts"."id" = ? LIMIT ?[0m  [["id", 6], ["LIMIT", 1]]
  Rendering microposts/show.html.erb within layouts/application
  Rendered microposts/show.html.erb within layouts/application (1.4ms)
Completed 200 OK in 24ms (Views: 20.3ms | ActiveRecord: 0.2ms)


Started GET "/microposts" for 127.0.0.1 at 2017-10-25 21:07:02 +0200
Processing by MicropostsController#index as HTML
  Rendering microposts/index.html.erb within layouts/application
  [1m[36mMicropost Load (0.2ms)[0m  [1m[34mSELECT "microposts".* FROM "microposts"[0m
  Rendered microposts/index.html.erb within layouts/application (2.1ms)
Completed 200 OK in 19ms (Views: 17.0ms | ActiveRecord: 0.2ms)


Started GET "/microposts" for 127.0.0.1 at 2017-10-25 21:07:19 +0200
Processing by MicropostsController#index as HTML
  Rendering microposts/index.html.erb within layouts/application
  [1m[36mMicropost Load (0.5ms)[0m  [1m[34mSELECT "microposts".* FROM "microposts"[0m
  Rendered microposts/index.html.erb within layouts/application (4.8ms)
Completed 200 OK in 33ms (Views: 29.6ms | ActiveRecord: 0.5ms)


Started GET "/microposts/new" for 127.0.0.1 at 2017-10-25 21:07:20 +0200
Processing by MicropostsController#new as HTML
  Rendering microposts/new.html.erb within layouts/application
  Rendered microposts/_form.html.erb (5.9ms)
  Rendered microposts/new.html.erb within layouts/application (8.8ms)
Completed 200 OK in 41ms (Views: 38.0ms | ActiveRecord: 0.0ms)


Started POST "/microposts" for 127.0.0.1 at 2017-10-25 21:07:22 +0200
Processing by MicropostsController#create as HTML
  Parameters: {"utf8"=>"✓", "authenticity_token"=>"Jjz3FwwDnoSssJKIA30+gb6ozBmQ0WWYbQ3xT+su6ohqL4OWPd68nWaCeubk6etihK+e8DBRcM30lTrfl+zQbQ==", "micropost"=>{"content"=>"dsadas", "name"=>"ca"}, "commit"=>"Create Micropost"}
Unpermitted parameter: :name
  [1m[35m (0.2ms)[0m  [1m[36mbegin transaction[0m
  [1m[35mSQL (2.1ms)[0m  [1m[32mINSERT INTO "microposts" ("content", "created_at", "updated_at") VALUES (?, ?, ?)[0m  [["content", "dsadas"], ["created_at", "2017-10-25 19:07:22.523340"], ["updated_at", "2017-10-25 19:07:22.523340"]]
  [1m[35m (188.3ms)[0m  [1m[36mcommit transaction[0m
Redirected to http://localhost:3000/microposts/7
Completed 302 Found in 198ms (ActiveRecord: 190.6ms)


Started GET "/microposts/7" for 127.0.0.1 at 2017-10-25 21:07:22 +0200
Processing by MicropostsController#show as HTML
  Parameters: {"id"=>"7"}
  [1m[36mMicropost Load (0.3ms)[0m  [1m[34mSELECT  "microposts".* FROM "microposts" WHERE "microposts"."id" = ? LIMIT ?[0m  [["id", 7], ["LIMIT", 1]]
  Rendering microposts/show.html.erb within layouts/application
  Rendered microposts/show.html.erb within layouts/application (1.7ms)
Completed 200 OK in 38ms (Views: 33.8ms | ActiveRecord: 0.3ms)


